DiagnosticsPlugin.exe Information: 0 : [19/02/2016 16:26:47] Starting DiagnosticPlugin.exe DiagnosticPlugin-ShutdownEvent DiagnosticPlugin-TotalShutdownEvent -wadVer1v5
DiagnosticsPlugin.exe Error: 0 : [19/02/2016 16:26:47] Failed to save IIS Directory state
DiagnosticsPlugin.exe Error: 0 : [19/02/2016 16:26:47] System.Runtime.InteropServices.COMException (0x80040154): La récupération de la fabrique de classes COM pour le composant avec le CLSID {2B72133B-3F5B-4602-8952-803546CE3344} a échoué en raison de l'erreur suivante : 80040154 Classe non enregistrée (Exception de HRESULT : 0x80040154 (REGDB_E_CLASSNOTREG)).
   à System.Runtime.Remoting.RemotingServices.AllocateUninitializedObject(RuntimeType objectType)
   à System.Runtime.Remoting.Activation.ActivationServices.CreateInstance(RuntimeType serverType)
   à System.Runtime.Remoting.Activation.ActivationServices.IsCurrentContextOK(RuntimeType serverType, Object[] props, Boolean bNewObj)
   à System.RuntimeTypeHandle.CreateInstance(RuntimeType type, Boolean publicOnly, Boolean noCheck, Boolean& canBeCached, RuntimeMethodHandleInternal& ctor, Boolean& bNeedSecurityCheck)
   à System.RuntimeType.CreateInstanceSlow(Boolean publicOnly, Boolean skipCheckThis, Boolean fillCache, StackCrawlMark& stackMark)
   à System.Activator.CreateInstance[T]()
   à Microsoft.Web.Administration.ConfigurationManager.CreateAdminManager[TClass,TInterface](WebConfigurationMap webConfigMap, Boolean isAdminConfig)
   à Microsoft.Web.Administration.ConfigurationManager.CreateConfiguration(WebConfigurationMap configMap, String configPathToEdit, Boolean isAdminConfig)
   à Microsoft.Web.Administration.ConfigurationManager.GetConfiguration(String rawConfigurationPath, String cacheKey, Boolean isAdminConfig)
   à Microsoft.Web.Administration.ServerManager.get_SitesSection()
   à Microsoft.Web.Administration.ServerManager.get_Sites()
   à Microsoft.Azure.Plugins.Plugin.DiagnosticsPluginManager.SaveIISDirectoryState()
DiagnosticsPlugin.exe Information: 0 : [19/02/2016 16:26:47] Starting DiagnosticsPlugin
DiagnosticsPlugin.exe Information: 0 : [19/02/2016 16:26:47] Emulator config file set to C:\Users\Aymeric DAURELLE\Documents\Visual Studio 2015\Projects\CloudBox\CloudBox\csx\Debug\roles\WCFServiceWebRole1\approot\diagnostics.wadcfgx
DiagnosticsPlugin.exe Information: 0 : [19/02/2016 16:26:47] DiagnosticsStoreRootPath set to: C:\Users\Aymeric DAURELLE\AppData\Local\dftmp\Resources\f73a8776-593c-4393-b046-ef509b59b2eb
DiagnosticsPlugin.exe Information: 0 : [19/02/2016 16:26:47] Loading config file: C:\Users\Aymeric DAURELLE\Documents\Visual Studio 2015\Projects\CloudBox\CloudBox\csx\Debug\roles\WCFServiceWebRole1\approot\diagnostics.wadcfgx
DiagnosticsPlugin.exe Information: 0 : [19/02/2016 16:26:47] Config file to read: C:\Users\Aymeric DAURELLE\Documents\Visual Studio 2015\Projects\CloudBox\CloudBox\csx\Debug\roles\WCFServiceWebRole1\approot\diagnostics.wadcfgx
DiagnosticsPlugin.exe Information: 0 : [19/02/2016 16:26:47] Checking VM Type
DiagnosticsPlugin.exe Information: 0 : [19/02/2016 16:26:47] Emulator config file set to C:\Users\Aymeric DAURELLE\Documents\Visual Studio 2015\Projects\CloudBox\CloudBox\csx\Debug\roles\WCFServiceWebRole1\approot\diagnostics.wadcfgx
DiagnosticsPlugin.exe Information: 0 : [19/02/2016 16:26:47] Extension set to Emulator Mode
DiagnosticsPlugin.exe Information: 0 : [19/02/2016 16:26:47] Reading XML configuration file
DiagnosticsPlugin.exe Information: 0 : [19/02/2016 16:26:47] Bypassing private config decryption
DiagnosticsPlugin.exe Information: 0 : [19/02/2016 16:26:47] WadCfg is provided in initial configuration. Using that to initialize Diagnostics.
DiagnosticsPlugin.exe Information: 0 : [19/02/2016 16:26:47] <PublicConfig xmlns="http://schemas.microsoft.com/ServiceHosting/2010/10/DiagnosticsConfiguration">
  <WadCfg>
    <DiagnosticMonitorConfiguration overallQuotaInMB="4096">
      <DiagnosticInfrastructureLogs scheduledTransferLogLevelFilter="Error" />
      <Logs scheduledTransferPeriod="PT1M" scheduledTransferLogLevelFilter="Error" />
      <Directories scheduledTransferPeriod="PT1M">
        <IISLogs containerName="wad-iis-logfiles" />
        <FailedRequestLogs containerName="wad-failedrequestlogs" />
      </Directories>
      <WindowsEventLog scheduledTransferPeriod="PT1M">
        <DataSource name="Application!*[System[(Level=1 or Level=2 or Level=3)]]" />
        <DataSource name="Windows Azure!*[System[(Level=1 or Level=2 or Level=3 or Level=4)]]" />
      </WindowsEventLog>
      <CrashDumps containerName="wad-crashdumps" dumpType="Mini">
        <CrashDumpConfiguration processName="WaIISHost.exe" />
        <CrashDumpConfiguration processName="WaWorkerHost.exe" />
        <CrashDumpConfiguration processName="w3wp.exe" />
      </CrashDumps>
      <PerformanceCounters scheduledTransferPeriod="PT1M">
        <PerformanceCounterConfiguration counterSpecifier="\Memory\Available MBytes" sampleRate="PT3M" />
        <PerformanceCounterConfiguration counterSpecifier="\Web Service(_Total)\ISAPI Extension Requests/sec" sampleRate="PT3M" />
        <PerformanceCounterConfiguration counterSpecifier="\Web Service(_Total)\Bytes Total/Sec" sampleRate="PT3M" />
        <PerformanceCounterConfiguration counterSpecifier="\ASP.NET Applications(__Total__)\Requests/Sec" sampleRate="PT3M" />
        <PerformanceCounterConfiguration counterSpecifier="\ASP.NET Applications(__Total__)\Errors Total/Sec" sampleRate="PT3M" />
        <PerformanceCounterConfiguration counterSpecifier="\ASP.NET\Requests Queued" sampleRate="PT3M" />
        <PerformanceCounterConfiguration counterSpecifier="\ASP.NET\Requests Rejected" sampleRate="PT3M" />
        <PerformanceCounterConfiguration counterSpecifier="\Processor(_Total)\% Processor Time" sampleRate="PT3M" />
      </PerformanceCounters>
    </DiagnosticMonitorConfiguration>
  </WadCfg>
  <StorageAccount>devstoreaccount1</StorageAccount>
</PublicConfig>
DiagnosticsPlugin.exe Information: 0 : [19/02/2016 16:26:47] Private setting is loaded
DiagnosticsPlugin.exe Information: 0 : [19/02/2016 16:26:47] Is config json/xml loaded
DiagnosticsPlugin.exe Information: 0 : [19/02/2016 16:26:48] Successfully created checkpoint file C:\Users\Aymeric DAURELLE\AppData\Local\dftmp\Resources\f73a8776-593c-4393-b046-ef509b59b2eb\WAD0105\Configuration\Checkpoint.txt
DiagnosticsPlugin.exe Information: 0 : [19/02/2016 16:26:48] Will use local resource directory C:\Users\Aymeric DAURELLE\AppData\Local\dftmp\Resources\f73a8776-593c-4393-b046-ef509b59b2eb\WAD0105
DiagnosticsPlugin.exe Information: 0 : [19/02/2016 16:26:48] Will use endpoint https://core.windows.net for storage.
DiagnosticsPlugin.exe Information: 0 : [19/02/2016 16:26:49] Exception in creating the ServerManager; is IIS installed?
 Error:System.Runtime.InteropServices.COMException (0x80040154): La récupération de la fabrique de classes COM pour le composant avec le CLSID {2B72133B-3F5B-4602-8952-803546CE3344} a échoué en raison de l'erreur suivante : 80040154 Classe non enregistrée (Exception de HRESULT : 0x80040154 (REGDB_E_CLASSNOTREG)).
   à System.Runtime.Remoting.RemotingServices.AllocateUninitializedObject(RuntimeType objectType)
   à System.Runtime.Remoting.Activation.ActivationServices.CreateInstance(RuntimeType serverType)
   à System.Runtime.Remoting.Activation.ActivationServices.IsCurrentContextOK(RuntimeType serverType, Object[] props, Boolean bNewObj)
   à System.RuntimeTypeHandle.CreateInstance(RuntimeType type, Boolean publicOnly, Boolean noCheck, Boolean& canBeCached, RuntimeMethodHandleInternal& ctor, Boolean& bNeedSecurityCheck)
   à System.RuntimeType.CreateInstanceSlow(Boolean publicOnly, Boolean skipCheckThis, Boolean fillCache, StackCrawlMark& stackMark)
   à System.Activator.CreateInstance[T]()
   à Microsoft.Web.Administration.ConfigurationManager.CreateAdminManager[TClass,TInterface](WebConfigurationMap webConfigMap, Boolean isAdminConfig)
   à Microsoft.Web.Administration.ConfigurationManager.CreateConfiguration(WebConfigurationMap configMap, String configPathToEdit, Boolean isAdminConfig)
   à Microsoft.Web.Administration.ConfigurationManager.GetConfiguration(String rawConfigurationPath, String cacheKey, Boolean isAdminConfig)
   à Microsoft.Web.Administration.ServerManager.get_SitesSection()
   à Microsoft.Web.Administration.ServerManager.get_Sites()
   à Microsoft.Azure.Plugins.Plugin.WadConfigProcessor.AddDirectories(EventsType mdsEvents, Directories wadDirectories)
DiagnosticsPlugin.exe Information: 0 : [19/02/2016 16:26:49] Running in emulator mode, crash dumps not enabled
DiagnosticsPlugin.exe Information: 0 : [19/02/2016 16:26:49] Checking to see if Application Insights extension needs to be configured.
DiagnosticsPlugin.exe Information: 0 : [19/02/2016 16:26:49] In emulator mode and using devstore updating XStoreAccount info, command line args: -LocalPath "C:\Users\Aymeric DAURELLE\AppData\Local\dftmp\Resources\f73a8776-593c-4393-b046-ef509b59b2eb\WAD0105"  -ConfigFile "C:\Users\Aymeric DAURELLE\AppData\Local\dftmp\Resources\f73a8776-593c-4393-b046-ef509b59b2eb\WAD0105\Configuration\MaConfig.xml" -ShutDownEvent WADDM-ShutDown-a29961ff4e0a418ebb460c759203212f  -TotalShutDownEvent WADDM-TotalShutDown-a29961ff4e0a418ebb460c759203212f -InitializedEvent WADM-StartUp-a29961ff4e0a418ebb460c759203212f -parent 8028 -events -wadVer1v5 -UseProxyServer -XStoreAccounts WadAccount#true#devstoreaccount1#Eby8vdM02xNOcqFlqUwJPLlmEtlCDXJ1OUzFT50uSRZ6IFsuFq2UVErCz4I6tq/K1SZFPTOtr/KBHBeksoGMGw==#http://127.0.0.1:10002#http://127.0.0.1:10001#http://127.0.0.1:10000
DiagnosticsPlugin.exe Information: 0 : [19/02/2016 16:27:49] MonAgentHost.exe started
DiagnosticsPlugin.exe Information: 0 : [19/02/2016 16:27:49] DiagnoticsPlugin started.
DiagnosticsPlugin.exe Information: 0 : [19/02/2016 16:27:49] DiagnoticsPlugin now waiting on events "DiagnosticPlugin-ShutdownEvent", "DiagnosticPlugin-TotalShutdownEvent" or "DiagnosticPlugin-RestartEvent".
